<?xml version="1.0" encoding="UTF-8"?>
<!-- Generated by org.testng.reporters.JUnitReportReporter -->
<testsuite hostname="Apples-MacBook-Pro.local" failures="0" tests="4" name="com.lise.testClasses.test.UserTest" time="11.049" errors="0" timestamp="2023-06-15T20:35:52 IST" skipped="0">
  <testcase classname="com.lise.testClasses.test.UserTest" name="getUserTest" time="1.749"/>
  <testcase classname="com.lise.testClasses.test.UserTest" name="postUserTest" time="1.884"/>
  <testcase classname="com.lise.testClasses.test.UserTest" name="deleteUserTest" time="4.926"/>
  <testcase classname="com.lise.testClasses.test.UserTest" name="putUserTest" time="2.490"/>
</testsuite> <!-- com.lise.testClasses.test.UserTest -->
