<?xml version="1.0" encoding="UTF-8"?>
<!-- Generated by org.testng.reporters.JUnitReportReporter -->
<testsuite hostname="Apples-MacBook-Pro.local" failures="0" tests="4" name="com.lise.testClasses.test.PostTest" time="12.824" errors="0" timestamp="2023-06-16T19:04:53 IST" skipped="0">
  <testcase classname="com.lise.testClasses.test.PostTest" name="deletePostTest" time="3.464"/>
  <testcase classname="com.lise.testClasses.test.PostTest" name="postPostsTest" time="3.609"/>
  <testcase classname="com.lise.testClasses.test.PostTest" name="getPostTest" time="0.879"/>
  <testcase classname="com.lise.testClasses.test.PostTest" name="putPostTest" time="4.872"/>
</testsuite> <!-- com.lise.testClasses.test.PostTest -->
