<?xml version="1.0" encoding="UTF-8"?>
<!-- Generated by org.testng.reporters.JUnitReportReporter -->
<testsuite hostname="Apples-MacBook-Pro.local" failures="0" tests="4" name="com.lise.testClasses.ToDoTest" time="8.907" errors="0" timestamp="2023-06-14T23:41:28 IST" skipped="0">
  <testcase classname="com.lise.testClasses.ToDoTest" name="postToDoTest" time="2.354"/>
  <testcase classname="com.lise.testClasses.ToDoTest" name="putToDoTest" time="3.789"/>
  <testcase classname="com.lise.testClasses.ToDoTest" name="getToDoTest" time="0.717"/>
  <testcase classname="com.lise.testClasses.ToDoTest" name="deleteToDoTest" time="2.047"/>
</testsuite> <!-- com.lise.testClasses.ToDoTest -->
