<?xml version="1.0" encoding="UTF-8"?>
<!-- Generated by org.testng.reporters.JUnitReportReporter -->
<testsuite hostname="Apples-MacBook-Pro.local" failures="0" tests="3" name="com.lise.testClasses.PostTestData" time="4.502" errors="0" timestamp="2023-06-14T23:41:28 IST" skipped="0">
  <testcase classname="com.lise.testClasses.PostTestData" name="getPostTestData" time="1.026"/>
  <testcase classname="com.lise.testClasses.PostTestData" name="putPostTestData" time="2.045"/>
  <testcase classname="com.lise.testClasses.PostTestData" name="postPostsTestData" time="1.431"/>
</testsuite> <!-- com.lise.testClasses.PostTestData -->
