<?xml version="1.0" encoding="UTF-8"?>
<!-- Generated by org.testng.reporters.JUnitReportReporter -->
<testsuite hostname="Apples-MacBook-Pro.local" failures="0" tests="4" name="com.lise.testClasses.ToDoTest" time="8.086" errors="0" timestamp="2023-06-13T00:14:32 IST" skipped="0">
  <testcase classname="com.lise.testClasses.ToDoTest" name="postToDoTest" time="1.440"/>
  <testcase classname="com.lise.testClasses.ToDoTest" name="deleteToDoTest" time="3.080"/>
  <testcase classname="com.lise.testClasses.ToDoTest" name="putToDoTest" time="2.552"/>
  <testcase classname="com.lise.testClasses.ToDoTest" name="getToDoTest" time="1.014"/>
</testsuite> <!-- com.lise.testClasses.ToDoTest -->
