<?xml version="1.0" encoding="UTF-8"?>
<!-- Generated by org.testng.reporters.JUnitReportReporter -->
<testsuite hostname="Apples-MacBook-Pro.local" failures="0" tests="3" name="com.lise.testClasses.model.UserTestData" time="5.863" errors="0" timestamp="2023-06-16T17:29:34 IST" skipped="0">
  <testcase classname="com.lise.testClasses.model.UserTestData" name="postUserTestData" time="1.737"/>
  <testcase classname="com.lise.testClasses.model.UserTestData" name="getUserTestData" time="0.918"/>
  <testcase classname="com.lise.testClasses.model.UserTestData" name="putUserTestData" time="3.208"/>
</testsuite> <!-- com.lise.testClasses.model.UserTestData -->
