<?xml version="1.0" encoding="UTF-8"?>
<!-- Generated by org.testng.reporters.JUnitReportReporter -->
<testsuite hostname="Apples-MacBook-Pro.local" failures="0" tests="4" name="PostTest" time="7.223" errors="0" timestamp="2023-06-12T21:35:36 IST" skipped="0">
  <testcase classname="PostTest" name="deletePostTest" time="2.529"/>
  <testcase classname="PostTest" name="postPostsTest" time="1.467"/>
  <testcase classname="PostTest" name="getPostTest" time="0.650"/>
  <testcase classname="PostTest" name="putPostTest" time="2.577"/>
</testsuite> <!-- PostTest -->
