<?xml version="1.0" encoding="UTF-8"?>
<!-- Generated by org.testng.reporters.JUnitReportReporter -->
<testsuite hostname="Apples-MacBook-Pro.local" failures="0" tests="1" name="Test3" time="0.000" errors="0" timestamp="2023-06-03T16:57:16 IST" skipped="1">
  <testcase classname="Test3" name="test" time="0.000">
    <skipped/>
  </testcase> <!-- test -->
</testsuite> <!-- Test3 -->
