<?xml version="1.0" encoding="UTF-8"?>
<!-- Generated by org.testng.reporters.JUnitReportReporter -->
<testsuite hostname="Apples-MacBook-Pro.local" failures="0" tests="4" name="UserTest" time="10.171" errors="0" timestamp="2023-06-12T21:35:36 IST" skipped="0">
  <testcase classname="UserTest" name="putUserTest" time="2.873"/>
  <testcase classname="UserTest" name="postUserTest" time="2.188"/>
  <testcase classname="UserTest" name="getUserTest" time="0.933"/>
  <testcase classname="UserTest" name="deleteUserTest" time="4.177"/>
</testsuite> <!-- UserTest -->
