<?xml version="1.0" encoding="UTF-8"?>
<!-- Generated by org.testng.reporters.JUnitReportReporter -->
<testsuite hostname="Apples-MacBook-Pro.local" failures="0" tests="4" name="com.lise.testClasses.test.CommentTest" time="17.337" errors="0" timestamp="2023-06-16T17:29:34 IST" skipped="0">
  <testcase classname="com.lise.testClasses.test.CommentTest" name="getCommentTest" time="0.651"/>
  <testcase classname="com.lise.testClasses.test.CommentTest" name="postCommentTest" time="4.681"/>
  <testcase classname="com.lise.testClasses.test.CommentTest" name="deleteCommentTest" time="4.961"/>
  <testcase classname="com.lise.testClasses.test.CommentTest" name="putCommentTest" time="7.044"/>
</testsuite> <!-- com.lise.testClasses.test.CommentTest -->
