<?xml version="1.0" encoding="UTF-8"?>
<!-- Generated by org.testng.reporters.JUnitReportReporter -->
<testsuite hostname="Apples-MacBook-Pro.local" failures="0" tests="4" name="com.lise.testClasses.UserTest" time="10.613" errors="0" timestamp="2023-06-13T00:14:32 IST" skipped="0">
  <testcase classname="com.lise.testClasses.UserTest" name="deleteUserTest" time="4.291"/>
  <testcase classname="com.lise.testClasses.UserTest" name="getUserTest" time="1.036"/>
  <testcase classname="com.lise.testClasses.UserTest" name="postUserTest" time="2.191"/>
  <testcase classname="com.lise.testClasses.UserTest" name="putUserTest" time="3.095"/>
</testsuite> <!-- com.lise.testClasses.UserTest -->
