<?xml version="1.0" encoding="UTF-8"?>
<!-- Generated by org.testng.reporters.JUnitReportReporter -->
<testsuite hostname="Apples-MacBook-Pro.local" failures="0" tests="3" name="com.lise.testClasses.model.PostTestData" time="8.371" errors="0" timestamp="2023-06-16T17:29:34 IST" skipped="0">
  <testcase classname="com.lise.testClasses.model.PostTestData" name="putPostTestData" time="4.638"/>
  <testcase classname="com.lise.testClasses.model.PostTestData" name="getPostTestData" time="0.689"/>
  <testcase classname="com.lise.testClasses.model.PostTestData" name="postPostsTestData" time="3.044"/>
</testsuite> <!-- com.lise.testClasses.model.PostTestData -->
