<?xml version="1.0" encoding="UTF-8"?>
<!-- Generated by org.testng.reporters.JUnitReportReporter -->
<testsuite hostname="Apples-MacBook-Pro.local" failures="0" tests="4" name="com.lise.testClasses.test.CommentTest" time="18.642" errors="0" timestamp="2023-06-16T19:04:53 IST" skipped="0">
  <testcase classname="com.lise.testClasses.test.CommentTest" name="postCommentTest" time="5.572"/>
  <testcase classname="com.lise.testClasses.test.CommentTest" name="deleteCommentTest" time="5.648"/>
  <testcase classname="com.lise.testClasses.test.CommentTest" name="putCommentTest" time="6.401"/>
  <testcase classname="com.lise.testClasses.test.CommentTest" name="getCommentTest" time="1.021"/>
</testsuite> <!-- com.lise.testClasses.test.CommentTest -->
