<?xml version="1.0" encoding="UTF-8"?>
<!-- Generated by org.testng.reporters.JUnitReportReporter -->
<testsuite hostname="Apples-MacBook-Pro.local" failures="0" tests="4" name="com.lise.testClasses.test.ToDoTest" time="12.587" errors="0" timestamp="2023-06-16T19:04:53 IST" skipped="0">
  <testcase classname="com.lise.testClasses.test.ToDoTest" name="deleteToDoTest" time="3.601"/>
  <testcase classname="com.lise.testClasses.test.ToDoTest" name="getToDoTest" time="1.303"/>
  <testcase classname="com.lise.testClasses.test.ToDoTest" name="postToDoTest" time="3.550"/>
  <testcase classname="com.lise.testClasses.test.ToDoTest" name="putToDoTest" time="4.133"/>
</testsuite> <!-- com.lise.testClasses.test.ToDoTest -->
