<?xml version="1.0" encoding="UTF-8"?>
<!-- Generated by org.testng.reporters.JUnitReportReporter -->
<testsuite hostname="Apples-MacBook-Pro.local" failures="0" tests="4" name="com.lise.testClasses.UserTest" time="9.841" errors="0" timestamp="2023-06-13T22:46:20 IST" skipped="0">
  <testcase classname="com.lise.testClasses.UserTest" name="getUserTest" time="0.718"/>
  <testcase classname="com.lise.testClasses.UserTest" name="postUserTest" time="1.732"/>
  <testcase classname="com.lise.testClasses.UserTest" name="putUserTest" time="2.659"/>
  <testcase classname="com.lise.testClasses.UserTest" name="deleteUserTest" time="4.732"/>
</testsuite> <!-- com.lise.testClasses.UserTest -->
