<?xml version="1.0" encoding="UTF-8"?>
<!-- Generated by org.testng.reporters.JUnitReportReporter -->
<testsuite hostname="Apples-MacBook-Pro.local" failures="0" tests="4" name="com.lise.testClasses.UserTest" time="10.308" errors="0" timestamp="2023-06-14T23:41:28 IST" skipped="0">
  <testcase classname="com.lise.testClasses.UserTest" name="putUserTest" time="2.559"/>
  <testcase classname="com.lise.testClasses.UserTest" name="postUserTest" time="2.134"/>
  <testcase classname="com.lise.testClasses.UserTest" name="deleteUserTest" time="4.684"/>
  <testcase classname="com.lise.testClasses.UserTest" name="getUserTest" time="0.931"/>
</testsuite> <!-- com.lise.testClasses.UserTest -->
