<?xml version="1.0" encoding="UTF-8"?>
<!-- Generated by org.testng.reporters.JUnitReportReporter -->
<testsuite hostname="Apples-MacBook-Pro.local" failures="0" tests="4" name="com.lise.testClasses.CommentTest" time="11.647" errors="0" timestamp="2023-06-13T22:46:20 IST" skipped="0">
  <testcase classname="com.lise.testClasses.CommentTest" name="postCommentTest" time="3.290"/>
  <testcase classname="com.lise.testClasses.CommentTest" name="getCommentTest" time="1.027"/>
  <testcase classname="com.lise.testClasses.CommentTest" name="deleteCommentTest" time="3.173"/>
  <testcase classname="com.lise.testClasses.CommentTest" name="putCommentTest" time="4.157"/>
</testsuite> <!-- com.lise.testClasses.CommentTest -->
