<?xml version="1.0" encoding="UTF-8"?>
<!-- Generated by org.testng.reporters.JUnitReportReporter -->
<testsuite hostname="Apples-MacBook-Pro.local" failures="0" tests="4" name="com.lise.testClasses.test.CommentTest" time="16.886" errors="0" timestamp="2023-06-15T20:35:52 IST" skipped="0">
  <testcase classname="com.lise.testClasses.test.CommentTest" name="deleteCommentTest" time="4.989"/>
  <testcase classname="com.lise.testClasses.test.CommentTest" name="getCommentTest" time="0.696"/>
  <testcase classname="com.lise.testClasses.test.CommentTest" name="postCommentTest" time="5.450"/>
  <testcase classname="com.lise.testClasses.test.CommentTest" name="putCommentTest" time="5.751"/>
</testsuite> <!-- com.lise.testClasses.test.CommentTest -->
