<?xml version="1.0" encoding="UTF-8"?>
<!-- Generated by org.testng.reporters.JUnitReportReporter -->
<testsuite hostname="Apples-MacBook-Pro.local" failures="0" tests="4" name="com.lise.testClasses.test.UserTest" time="11.271" errors="0" timestamp="2023-06-16T19:04:53 IST" skipped="0">
  <testcase classname="com.lise.testClasses.test.UserTest" name="putUserTest" time="3.220"/>
  <testcase classname="com.lise.testClasses.test.UserTest" name="postUserTest" time="2.180"/>
  <testcase classname="com.lise.testClasses.test.UserTest" name="deleteUserTest" time="4.772"/>
  <testcase classname="com.lise.testClasses.test.UserTest" name="getUserTest" time="1.099"/>
</testsuite> <!-- com.lise.testClasses.test.UserTest -->
