<?xml version="1.0" encoding="UTF-8"?>
<!-- Generated by org.testng.reporters.JUnitReportReporter -->
<testsuite hostname="Apples-MacBook-Pro.local" failures="0" tests="4" name="ToDoTest" time="8.819" errors="0" timestamp="2023-06-12T21:35:36 IST" skipped="0">
  <testcase classname="ToDoTest" name="postToDoTest" time="1.732"/>
  <testcase classname="ToDoTest" name="putToDoTest" time="2.850"/>
  <testcase classname="ToDoTest" name="getToDoTest" time="0.945"/>
  <testcase classname="ToDoTest" name="deleteToDoTest" time="3.292"/>
</testsuite> <!-- ToDoTest -->
