<?xml version="1.0" encoding="UTF-8"?>
<!-- Generated by org.testng.reporters.JUnitReportReporter -->
<testsuite hostname="Apples-MacBook-Pro.local" failures="0" tests="3" name="com.lise.testClasses.model.CommentTestData" time="12.163" errors="0" timestamp="2023-06-16T19:04:53 IST" skipped="0">
  <testcase classname="com.lise.testClasses.model.CommentTestData" name="postCommentTestData" time="4.929"/>
  <testcase classname="com.lise.testClasses.model.CommentTestData" name="putCommentTest" time="6.610"/>
  <testcase classname="com.lise.testClasses.model.CommentTestData" name="getCommentTestData" time="0.624"/>
</testsuite> <!-- com.lise.testClasses.model.CommentTestData -->
