<?xml version="1.0" encoding="UTF-8"?>
<!-- Generated by org.testng.reporters.JUnitReportReporter -->
<testsuite hostname="Apples-MacBook-Pro.local" failures="0" tests="4" name="com.lise.testClasses.PostTest" time="10.132" errors="0" timestamp="2023-06-13T22:46:20 IST" skipped="0">
  <testcase classname="com.lise.testClasses.PostTest" name="putPostTest" time="3.479"/>
  <testcase classname="com.lise.testClasses.PostTest" name="getPostTest" time="0.926"/>
  <testcase classname="com.lise.testClasses.PostTest" name="deletePostTest" time="3.069"/>
  <testcase classname="com.lise.testClasses.PostTest" name="postPostsTest" time="2.658"/>
</testsuite> <!-- com.lise.testClasses.PostTest -->
