<?xml version="1.0" encoding="UTF-8"?>
<!-- Generated by org.testng.reporters.JUnitReportReporter -->
<testsuite hostname="Apples-MacBook-Pro.local" failures="0" tests="4" name="com.lise.testClasses.CommentTest" time="10.745" errors="0" timestamp="2023-06-14T23:41:28 IST" skipped="0">
  <testcase classname="com.lise.testClasses.CommentTest" name="getCommentTest" time="0.618"/>
  <testcase classname="com.lise.testClasses.CommentTest" name="putCommentTest" time="3.890"/>
  <testcase classname="com.lise.testClasses.CommentTest" name="postCommentTest" time="3.141"/>
  <testcase classname="com.lise.testClasses.CommentTest" name="deleteCommentTest" time="3.096"/>
</testsuite> <!-- com.lise.testClasses.CommentTest -->
