<?xml version="1.0" encoding="UTF-8"?>
<!-- Generated by org.testng.reporters.JUnitReportReporter -->
<testsuite hostname="Apples-MacBook-Pro.local" failures="0" tests="3" name="com.lise.testClasses.model.UserTestData" time="7.575" errors="0" timestamp="2023-06-15T20:35:52 IST" skipped="0">
  <testcase classname="com.lise.testClasses.model.UserTestData" name="putUserTestData" time="3.704"/>
  <testcase classname="com.lise.testClasses.model.UserTestData" name="postUserTestData" time="2.298"/>
  <testcase classname="com.lise.testClasses.model.UserTestData" name="getUserTestData" time="1.573"/>
</testsuite> <!-- com.lise.testClasses.model.UserTestData -->
