<?xml version="1.0" encoding="UTF-8"?>
<!-- Generated by org.testng.reporters.JUnitReportReporter -->
<testsuite hostname="Apples-MacBook-Pro.local" failures="0" tests="3" name="com.lise.testClasses.model.PostTestData" time="10.664" errors="0" timestamp="2023-06-15T20:35:52 IST" skipped="0">
  <testcase classname="com.lise.testClasses.model.PostTestData" name="postPostsTestData" time="4.008"/>
  <testcase classname="com.lise.testClasses.model.PostTestData" name="putPostTestData" time="5.881"/>
  <testcase classname="com.lise.testClasses.model.PostTestData" name="getPostTestData" time="0.775"/>
</testsuite> <!-- com.lise.testClasses.model.PostTestData -->
