<?xml version="1.0" encoding="UTF-8"?>
<!-- Generated by org.testng.reporters.JUnitReportReporter -->
<testsuite hostname="Apples-MacBook-Pro.local" failures="0" tests="3" name="com.lise.testClasses.model.UserTestData" time="6.275" errors="0" timestamp="2023-06-16T19:04:53 IST" skipped="0">
  <testcase classname="com.lise.testClasses.model.UserTestData" name="postUserTestData" time="1.794"/>
  <testcase classname="com.lise.testClasses.model.UserTestData" name="putUserTestData" time="2.861"/>
  <testcase classname="com.lise.testClasses.model.UserTestData" name="getUserTestData" time="1.620"/>
</testsuite> <!-- com.lise.testClasses.model.UserTestData -->
