<?xml version="1.0" encoding="UTF-8"?>
<!-- Generated by org.testng.reporters.JUnitReportReporter -->
<testsuite hostname="Apples-MacBook-Pro.local" failures="0" tests="4" name="com.lise.testClasses.PostTest" time="9.313" errors="0" timestamp="2023-06-14T23:41:28 IST" skipped="0">
  <testcase classname="com.lise.testClasses.PostTest" name="putPostTest" time="3.789"/>
  <testcase classname="com.lise.testClasses.PostTest" name="getPostTest" time="0.621"/>
  <testcase classname="com.lise.testClasses.PostTest" name="deletePostTest" time="2.492"/>
  <testcase classname="com.lise.testClasses.PostTest" name="postPostsTest" time="2.411"/>
</testsuite> <!-- com.lise.testClasses.PostTest -->
