<?xml version="1.0" encoding="UTF-8"?>
<!-- Generated by org.testng.reporters.JUnitReportReporter -->
<testsuite hostname="Apples-MacBook-Pro.local" failures="0" tests="3" name="com.lise.testClasses.model.ToDoTestData" time="9.029" errors="0" timestamp="2023-06-15T20:35:52 IST" skipped="0">
  <testcase classname="com.lise.testClasses.model.ToDoTestData" name="putToDoTest" time="5.039"/>
  <testcase classname="com.lise.testClasses.model.ToDoTestData" name="getToDoTestData" time="0.674"/>
  <testcase classname="com.lise.testClasses.model.ToDoTestData" name="postToDoTestData" time="3.316"/>
</testsuite> <!-- com.lise.testClasses.model.ToDoTestData -->
