<?xml version="1.0" encoding="UTF-8"?>
<!-- Generated by org.testng.reporters.JUnitReportReporter -->
<testsuite hostname="Apples-MacBook-Pro.local" failures="0" tests="3" name="com.lise.testClasses.model.CommentTestData" time="13.313" errors="0" timestamp="2023-06-16T17:29:34 IST" skipped="0">
  <testcase classname="com.lise.testClasses.model.CommentTestData" name="postCommentTestData" time="5.554"/>
  <testcase classname="com.lise.testClasses.model.CommentTestData" name="getCommentTestData" time="0.737"/>
  <testcase classname="com.lise.testClasses.model.CommentTestData" name="putCommentTest" time="7.022"/>
</testsuite> <!-- com.lise.testClasses.model.CommentTestData -->
