<?xml version="1.0" encoding="UTF-8"?>
<!-- Generated by org.testng.reporters.JUnitReportReporter -->
<testsuite hostname="Apples-MacBook-Pro.local" failures="0" tests="3" name="com.lise.testClasses.CommentTestData" time="6.245" errors="0" timestamp="2023-06-14T23:41:28 IST" skipped="0">
  <testcase classname="com.lise.testClasses.CommentTestData" name="putCommentTest" time="3.222"/>
  <testcase classname="com.lise.testClasses.CommentTestData" name="postCommentTestData" time="2.100"/>
  <testcase classname="com.lise.testClasses.CommentTestData" name="getCommentTestData" time="0.923"/>
</testsuite> <!-- com.lise.testClasses.CommentTestData -->
