<?xml version="1.0" encoding="UTF-8"?>
<!-- Generated by org.testng.reporters.JUnitReportReporter -->
<testsuite hostname="Apples-MacBook-Pro.local" failures="0" tests="4" name="CommentTest" time="10.908" errors="0" timestamp="2023-06-12T21:35:36 IST" skipped="0">
  <testcase classname="CommentTest" name="postCommentTest" time="2.803"/>
  <testcase classname="CommentTest" name="deleteCommentTest" time="4.279"/>
  <testcase classname="CommentTest" name="getCommentTest" time="0.692"/>
  <testcase classname="CommentTest" name="putCommentTest" time="3.134"/>
</testsuite> <!-- CommentTest -->
