<?xml version="1.0" encoding="UTF-8"?>
<!-- Generated by org.testng.reporters.JUnitReportReporter -->
<testsuite hostname="Apples-MacBook-Pro.local" failures="0" tests="4" name="com.lise.testClasses.PostTest" time="9.640" errors="0" timestamp="2023-06-13T00:14:32 IST" skipped="0">
  <testcase classname="com.lise.testClasses.PostTest" name="postPostsTest" time="2.714"/>
  <testcase classname="com.lise.testClasses.PostTest" name="getPostTest" time="0.666"/>
  <testcase classname="com.lise.testClasses.PostTest" name="deletePostTest" time="2.503"/>
  <testcase classname="com.lise.testClasses.PostTest" name="putPostTest" time="3.757"/>
</testsuite> <!-- com.lise.testClasses.PostTest -->
