<?xml version="1.0" encoding="UTF-8"?>
<!-- Generated by org.testng.reporters.JUnitReportReporter -->
<testsuite hostname="Apples-MacBook-Pro.local" failures="0" tests="16" name="TestCases" time="39.284" errors="0" timestamp="2023-06-12T20:02:05 IST" skipped="0">
  <testcase classname="TestCases" name="getAllTestPost" time="0.952"/>
  <testcase classname="TestCases" name="updateTestComment" time="4.242"/>
  <testcase classname="TestCases" name="deleteTest" time="1.843"/>
  <testcase classname="TestCases" name="postCommentTest" time="3.070"/>
  <testcase classname="TestCases" name="getTestComment" time="0.947"/>
  <testcase classname="TestCases" name="postPostTest" time="2.349"/>
  <testcase classname="TestCases" name="postTest" time="1.792"/>
  <testcase classname="TestCases" name="deleteComment" time="6.020"/>
  <testcase classname="TestCases" name="updateTestPost" time="3.637"/>
  <testcase classname="TestCases" name="updateTestToDo" time="2.203"/>
  <testcase classname="TestCases" name="deletePosts" time="2.542"/>
  <testcase classname="TestCases" name="postToDoTest" time="1.825"/>
  <testcase classname="TestCases" name="getTestTODo" time="0.957"/>
  <testcase classname="TestCases" name="deleteToDo" time="2.837"/>
  <testcase classname="TestCases" name="getAllTest" time="1.205"/>
  <testcase classname="TestCases" name="updateTest" time="2.863"/>
</testsuite> <!-- TestCases -->
