<?xml version="1.0" encoding="UTF-8"?>
<!-- Generated by org.testng.reporters.JUnitReportReporter -->
<testsuite hostname="Apples-MacBook-Pro.local" failures="0" tests="4" name="com.lise.testClasses.test.ToDoTest" time="11.915" errors="0" timestamp="2023-06-15T20:35:52 IST" skipped="0">
  <testcase classname="com.lise.testClasses.test.ToDoTest" name="putToDoTest" time="4.990"/>
  <testcase classname="com.lise.testClasses.test.ToDoTest" name="deleteToDoTest" time="3.060"/>
  <testcase classname="com.lise.testClasses.test.ToDoTest" name="getToDoTest" time="0.953"/>
  <testcase classname="com.lise.testClasses.test.ToDoTest" name="postToDoTest" time="2.912"/>
</testsuite> <!-- com.lise.testClasses.test.ToDoTest -->
