<?xml version="1.0" encoding="UTF-8"?>
<!-- Generated by org.testng.reporters.JUnitReportReporter -->
<testsuite hostname="Apples-MacBook-Pro.local" failures="0" tests="3" name="com.lise.testClasses.model.CommentTestData" time="13.842" errors="0" timestamp="2023-06-15T20:35:52 IST" skipped="0">
  <testcase classname="com.lise.testClasses.model.CommentTestData" name="getCommentTestData" time="1.011"/>
  <testcase classname="com.lise.testClasses.model.CommentTestData" name="putCommentTest" time="7.712"/>
  <testcase classname="com.lise.testClasses.model.CommentTestData" name="postCommentTestData" time="5.119"/>
</testsuite> <!-- com.lise.testClasses.model.CommentTestData -->
