<?xml version="1.0" encoding="UTF-8"?>
<!-- Generated by org.testng.reporters.JUnitReportReporter -->
<testsuite hostname="Apples-MacBook-Pro.local" failures="0" tests="3" name="com.lise.testClasses.UserTestData" time="4.094" errors="0" timestamp="2023-06-14T23:41:28 IST" skipped="0">
  <testcase classname="com.lise.testClasses.UserTestData" name="putUserTestData" time="1.639"/>
  <testcase classname="com.lise.testClasses.UserTestData" name="postUserTestData" time="1.222"/>
  <testcase classname="com.lise.testClasses.UserTestData" name="getUserTestData" time="1.233"/>
</testsuite> <!-- com.lise.testClasses.UserTestData -->
