<?xml version="1.0" encoding="UTF-8"?>
<!-- Generated by org.testng.reporters.JUnitReportReporter -->
<testsuite hostname="Apples-MacBook-Pro.local" failures="0" tests="4" name="com.lise.testClasses.test.UserTest" time="9.145" errors="0" timestamp="2023-06-16T17:29:34 IST" skipped="0">
  <testcase classname="com.lise.testClasses.test.UserTest" name="getUserTest" time="0.739"/>
  <testcase classname="com.lise.testClasses.test.UserTest" name="postUserTest" time="2.078"/>
  <testcase classname="com.lise.testClasses.test.UserTest" name="putUserTest" time="2.525"/>
  <testcase classname="com.lise.testClasses.test.UserTest" name="deleteUserTest" time="3.803"/>
</testsuite> <!-- com.lise.testClasses.test.UserTest -->
