<?xml version="1.0" encoding="UTF-8"?>
<!-- Generated by org.testng.reporters.JUnitReportReporter -->
<testsuite hostname="Apples-MacBook-Pro.local" failures="0" tests="1" name="Test3" time="0.001" errors="0" timestamp="2023-06-12T19:52:31 IST" skipped="0">
  <testcase classname="Test3" name="test" time="0.001"/>
</testsuite> <!-- Test3 -->
