<?xml version="1.0" encoding="UTF-8"?>
<!-- Generated by org.testng.reporters.JUnitReportReporter -->
<testsuite hostname="Apples-MacBook-Pro.local" failures="0" tests="4" name="com.lise.testClasses.ToDoTest" time="8.515" errors="0" timestamp="2023-06-13T22:46:20 IST" skipped="0">
  <testcase classname="com.lise.testClasses.ToDoTest" name="putToDoTest" time="2.936"/>
  <testcase classname="com.lise.testClasses.ToDoTest" name="getToDoTest" time="0.720"/>
  <testcase classname="com.lise.testClasses.ToDoTest" name="deleteToDoTest" time="2.786"/>
  <testcase classname="com.lise.testClasses.ToDoTest" name="postToDoTest" time="2.073"/>
</testsuite> <!-- com.lise.testClasses.ToDoTest -->
