<?xml version="1.0" encoding="UTF-8"?>
<!-- Generated by org.testng.reporters.JUnitReportReporter -->
<testsuite hostname="Apples-MacBook-Pro.local" failures="0" tests="3" name="com.lise.testClasses.model.PostTestData" time="9.468" errors="0" timestamp="2023-06-16T19:04:53 IST" skipped="0">
  <testcase classname="com.lise.testClasses.model.PostTestData" name="putPostTestData" time="5.583"/>
  <testcase classname="com.lise.testClasses.model.PostTestData" name="getPostTestData" time="0.903"/>
  <testcase classname="com.lise.testClasses.model.PostTestData" name="postPostsTestData" time="2.982"/>
</testsuite> <!-- com.lise.testClasses.model.PostTestData -->
