<?xml version="1.0" encoding="UTF-8"?>
<!-- Generated by org.testng.reporters.JUnitReportReporter -->
<testsuite hostname="Apples-MacBook-Pro.local" failures="0" tests="4" name="com.lise.testClasses.CommentTest" time="13.243" errors="0" timestamp="2023-06-13T00:14:32 IST" skipped="0">
  <testcase classname="com.lise.testClasses.CommentTest" name="getCommentTest" time="0.926"/>
  <testcase classname="com.lise.testClasses.CommentTest" name="deleteCommentTest" time="3.755"/>
  <testcase classname="com.lise.testClasses.CommentTest" name="putCommentTest" time="4.588"/>
  <testcase classname="com.lise.testClasses.CommentTest" name="postCommentTest" time="3.974"/>
</testsuite> <!-- com.lise.testClasses.CommentTest -->
