<?xml version="1.0" encoding="UTF-8"?>
<!-- Generated by org.testng.reporters.JUnitReportReporter -->
<testsuite hostname="Apples-MacBook-Pro.local" failures="0" tests="4" name="com.lise.testClasses.test.PostTest" time="12.513" errors="0" timestamp="2023-06-15T20:35:52 IST" skipped="0">
  <testcase classname="com.lise.testClasses.test.PostTest" name="postPostsTest" time="3.433"/>
  <testcase classname="com.lise.testClasses.test.PostTest" name="getPostTest" time="1.150"/>
  <testcase classname="com.lise.testClasses.test.PostTest" name="putPostTest" time="4.140"/>
  <testcase classname="com.lise.testClasses.test.PostTest" name="deletePostTest" time="3.790"/>
</testsuite> <!-- com.lise.testClasses.test.PostTest -->
