<?xml version="1.0" encoding="UTF-8"?>
<!-- Generated by org.testng.reporters.JUnitReportReporter -->
<testsuite hostname="Apples-MacBook-Pro.local" failures="0" tests="3" name="com.lise.testClasses.ToDoTestData" time="4.809" errors="0" timestamp="2023-06-14T23:41:28 IST" skipped="0">
  <testcase classname="com.lise.testClasses.ToDoTestData" name="postToDoTestData" time="1.661"/>
  <testcase classname="com.lise.testClasses.ToDoTestData" name="putToDoTest" time="2.123"/>
  <testcase classname="com.lise.testClasses.ToDoTestData" name="getToDoTestData" time="1.025"/>
</testsuite> <!-- com.lise.testClasses.ToDoTestData -->
