<?xml version="1.0" encoding="UTF-8"?>
<!-- Generated by org.testng.reporters.JUnitReportReporter -->
<testsuite hostname="Apples-MacBook-Pro.local" failures="0" tests="4" name="com.lise.testClasses.test.ToDoTest" time="11.164" errors="0" timestamp="2023-06-16T17:29:34 IST" skipped="0">
  <testcase classname="com.lise.testClasses.test.ToDoTest" name="getToDoTest" time="0.979"/>
  <testcase classname="com.lise.testClasses.test.ToDoTest" name="deleteToDoTest" time="3.141"/>
  <testcase classname="com.lise.testClasses.test.ToDoTest" name="postToDoTest" time="3.558"/>
  <testcase classname="com.lise.testClasses.test.ToDoTest" name="putToDoTest" time="3.486"/>
</testsuite> <!-- com.lise.testClasses.test.ToDoTest -->
