<?xml version="1.0" encoding="UTF-8"?>
<!-- Generated by org.testng.reporters.JUnitReportReporter -->
<testsuite hostname="Apples-MacBook-Pro.local" failures="0" tests="4" name="com.lise.testClasses.test.PostTest" time="12.133" errors="0" timestamp="2023-06-16T17:29:34 IST" skipped="0">
  <testcase classname="com.lise.testClasses.test.PostTest" name="getPostTest" time="1.240"/>
  <testcase classname="com.lise.testClasses.test.PostTest" name="postPostsTest" time="3.345"/>
  <testcase classname="com.lise.testClasses.test.PostTest" name="deletePostTest" time="3.820"/>
  <testcase classname="com.lise.testClasses.test.PostTest" name="putPostTest" time="3.728"/>
</testsuite> <!-- com.lise.testClasses.test.PostTest -->
